Gestion_Capacitaciones/app/build/intermediates/manifest_merge_blame_file/release/manifest-merger-blame-release-report.txt
1<?xml version="1.0" encoding="utf-8"?>
2<manifest xmlns:android="http://schemas.android.com/apk/res/android"
3    package="com.ista.gestion_capacitaciones"
4    android:versionCode="1"
5    android:versionName="1.0" >
6
7    <uses-sdk
8        android:minSdkVersion="22"
8-->src\main\AndroidManifest.xml
9        android:targetSdkVersion="33" />
9-->src\main\AndroidManifest.xml
10
11    <uses-permission android:name="android.permission.ACCESS_NETWORK_STATE" />
11-->src\main\AndroidManifest.xml:5:5-79
11-->src\main\AndroidManifest.xml:5:22-76
12    <uses-permission android:name="android.permission.INTERNET" />
12-->src\main\AndroidManifest.xml:6:5-67
12-->src\main\AndroidManifest.xml:6:22-64
13    <uses-permission android:name="android.permission.SYSTEM_ALERT_WINDOW" />
13-->src\main\AndroidManifest.xml:7:5-78
13-->src\main\AndroidManifest.xml:7:22-75
14
15    <permission
15-->[androidx.core:core:1.9.0] AndroidManifest.xml:22:5-24:47
16        android:name="com.ista.gestion_capacitaciones.DYNAMIC_RECEIVER_NOT_EXPORTED_PERMISSION"
16-->[androidx.core:core:1.9.0] AndroidManifest.xml:23:9-81
17        android:protectionLevel="signature" />
17-->[androidx.core:core:1.9.0] AndroidManifest.xml:24:9-44
18
19    <uses-permission android:name="com.ista.gestion_capacitaciones.DYNAMIC_RECEIVER_NOT_EXPORTED_PERMISSION" />
19-->[androidx.core:core:1.9.0] AndroidManifest.xml:26:5-97
19-->[androidx.core:core:1.9.0] AndroidManifest.xml:26:22-94
20
21    <application
21-->src\main\AndroidManifest.xml:9:5-61:19
22        android:allowBackup="true"
22-->src\main\AndroidManifest.xml:10:9-35
23        android:appComponentFactory="androidx.core.app.CoreComponentFactory"
23-->[androidx.core:core:1.9.0] AndroidManifest.xml:28:18-86
24        android:background="#FFFFFF"
24-->src\main\AndroidManifest.xml:11:9-37
25        android:dataExtractionRules="@xml/data_extraction_rules"
25-->src\main\AndroidManifest.xml:12:9-65
26        android:fullBackupContent="@xml/backup_rules"
26-->src\main\AndroidManifest.xml:13:9-54
27        android:icon="@mipmap/ic_launcher"
27-->src\main\AndroidManifest.xml:14:9-43
28        android:label="@string/app_name"
28-->src\main\AndroidManifest.xml:15:9-41
29        android:roundIcon="@mipmap/ic_launcher_round"
29-->src\main\AndroidManifest.xml:16:9-54
30        android:supportsRtl="true"
30-->src\main\AndroidManifest.xml:17:9-35
31        android:theme="@style/Theme.Gestion_Capacitaciones" >
31-->src\main\AndroidManifest.xml:18:9-60
32        <activity
32-->src\main\AndroidManifest.xml:20:9-22:40
33            android:name="com.ista.gestion_capacitaciones.UI.DetalleCursoActivity"
33-->src\main\AndroidManifest.xml:21:13-52
34            android:exported="false" />
34-->src\main\AndroidManifest.xml:22:13-37
35        <activity
35-->src\main\AndroidManifest.xml:23:9-25:40
36            android:name="com.ista.gestion_capacitaciones.UI.Modalidadctivity"
36-->src\main\AndroidManifest.xml:24:13-48
37            android:exported="false" />
37-->src\main\AndroidManifest.xml:25:13-37
38        <activity
38-->src\main\AndroidManifest.xml:26:9-28:40
39            android:name="com.ista.gestion_capacitaciones.UI.RegistroCursoActivity"
39-->src\main\AndroidManifest.xml:27:13-53
40            android:exported="false" />
40-->src\main\AndroidManifest.xml:28:13-37
41        <activity
41-->src\main\AndroidManifest.xml:29:9-33:79
42            android:name="com.ista.gestion_capacitaciones.UI.HomeActivity"
42-->src\main\AndroidManifest.xml:30:13-44
43            android:exported="false"
43-->src\main\AndroidManifest.xml:31:13-37
44            android:label="@string/title_activity_home"
44-->src\main\AndroidManifest.xml:32:13-56
45            android:theme="@style/Theme.Gestion_Capacitaciones.NoActionBar" />
45-->src\main\AndroidManifest.xml:33:13-76
46        <activity
46-->src\main\AndroidManifest.xml:34:9-42:20
47            android:name="com.ista.gestion_capacitaciones.UI.SplashActivity"
47-->src\main\AndroidManifest.xml:35:13-46
48            android:exported="true" >
48-->src\main\AndroidManifest.xml:36:13-36
49            <intent-filter>
49-->src\main\AndroidManifest.xml:37:13-41:29
50                <action android:name="android.intent.action.MAIN" />
50-->src\main\AndroidManifest.xml:38:17-69
50-->src\main\AndroidManifest.xml:38:25-66
51
52                <category android:name="android.intent.category.LAUNCHER" />
52-->src\main\AndroidManifest.xml:40:17-77
52-->src\main\AndroidManifest.xml:40:27-74
53            </intent-filter>
54        </activity>
55        <activity
55-->src\main\AndroidManifest.xml:43:9-45:40
56            android:name="com.ista.gestion_capacitaciones.UI.ListaEstudianteActivity"
56-->src\main\AndroidManifest.xml:44:13-55
57            android:exported="false" />
57-->src\main\AndroidManifest.xml:45:13-37
58        <activity
58-->src\main\AndroidManifest.xml:46:9-48:40
59            android:name="com.ista.gestion_capacitaciones.UI.LoginActivity"
59-->src\main\AndroidManifest.xml:47:13-45
60            android:exported="false" />
60-->src\main\AndroidManifest.xml:48:13-37
61        <activity
61-->src\main\AndroidManifest.xml:49:9-51:40
62            android:name="com.ista.gestion_capacitaciones.UI.ProgramaCursosActivity"
62-->src\main\AndroidManifest.xml:50:13-54
63            android:exported="false" />
63-->src\main\AndroidManifest.xml:51:13-37
64        <activity
64-->src\main\AndroidManifest.xml:52:9-60:20
65            android:name="com.ista.gestion_capacitaciones.MainActivity"
65-->src\main\AndroidManifest.xml:53:13-41
66            android:exported="true" >
66-->src\main\AndroidManifest.xml:54:13-36
67            <intent-filter>
67-->src\main\AndroidManifest.xml:37:13-41:29
68                <action android:name="android.intent.action.MAIN" />
68-->src\main\AndroidManifest.xml:38:17-69
68-->src\main\AndroidManifest.xml:38:25-66
69
70                <category android:name="android.intent.category.LAUNCHER" />
70-->src\main\AndroidManifest.xml:40:17-77
70-->src\main\AndroidManifest.xml:40:27-74
71            </intent-filter>
72        </activity>
73
74        <provider
74-->[com.squareup.picasso:picasso:2.71828] AndroidManifest.xml:8:9-11:40
75            android:name="com.squareup.picasso.PicassoProvider"
75-->[com.squareup.picasso:picasso:2.71828] AndroidManifest.xml:9:13-64
76            android:authorities="com.ista.gestion_capacitaciones.com.squareup.picasso"
76-->[com.squareup.picasso:picasso:2.71828] AndroidManifest.xml:10:13-72
77            android:exported="false" />
77-->[com.squareup.picasso:picasso:2.71828] AndroidManifest.xml:11:13-37
78        <provider
78-->[androidx.emoji2:emoji2:1.2.0] AndroidManifest.xml:24:9-32:20
79            android:name="androidx.startup.InitializationProvider"
79-->[androidx.emoji2:emoji2:1.2.0] AndroidManifest.xml:25:13-67
80            android:authorities="com.ista.gestion_capacitaciones.androidx-startup"
80-->[androidx.emoji2:emoji2:1.2.0] AndroidManifest.xml:26:13-68
81            android:exported="false" >
81-->[androidx.emoji2:emoji2:1.2.0] AndroidManifest.xml:27:13-37
82            <meta-data
82-->[androidx.emoji2:emoji2:1.2.0] AndroidManifest.xml:29:13-31:52
83                android:name="androidx.emoji2.text.EmojiCompatInitializer"
83-->[androidx.emoji2:emoji2:1.2.0] AndroidManifest.xml:30:17-75
84                android:value="androidx.startup" />
84-->[androidx.emoji2:emoji2:1.2.0] AndroidManifest.xml:31:17-49
85            <meta-data
85-->[androidx.lifecycle:lifecycle-process:2.4.1] AndroidManifest.xml:31:13-33:52
86                android:name="androidx.lifecycle.ProcessLifecycleInitializer"
86-->[androidx.lifecycle:lifecycle-process:2.4.1] AndroidManifest.xml:32:17-78
87                android:value="androidx.startup" />
87-->[androidx.lifecycle:lifecycle-process:2.4.1] AndroidManifest.xml:33:17-49
88        </provider>
89
90        <uses-library
90-->[androidx.window:window:1.0.0] AndroidManifest.xml:25:9-27:40
91            android:name="androidx.window.extensions"
91-->[androidx.window:window:1.0.0] AndroidManifest.xml:26:13-54
92            android:required="false" />
92-->[androidx.window:window:1.0.0] AndroidManifest.xml:27:13-37
93        <uses-library
93-->[androidx.window:window:1.0.0] AndroidManifest.xml:28:9-30:40
94            android:name="androidx.window.sidecar"
94-->[androidx.window:window:1.0.0] AndroidManifest.xml:29:13-51
95            android:required="false" />
95-->[androidx.window:window:1.0.0] AndroidManifest.xml:30:13-37
96    </application>
97
98</manifest>